[2022-10-25T07:57:45.045Z] [org.hibernate.validator.internal.util.Version] [background-preinit] [21] [INFO ] HV000001: Hibernate Validator 6.2.5.Final
[2022-10-25T07:57:45.045Z] [org.springframework.boot.StartupInfoLogger] [main] [55] [INFO ] Starting FlixchannelApplication using Java 17.0.1 on DINIZ with PID 15876 (C:\Users\danie\Documents\Daniel_Diniz\java\Alura\Challenges-Backend\videos\flixchannel (1)\flixchannel\target\classes started by danie in C:\Users\danie\Documents\Daniel_Diniz\java\Alura\Challenges-Backend\videos\flixchannel (1)\flixchannel)
[2022-10-25T07:57:45.045Z] [org.springframework.boot.SpringApplication] [main] [640] [INFO ] The following 1 profile is active: "test"
[2022-10-25T07:57:46.046Z] [org.springframework.data.repository.config.RepositoryConfigurationDelegate] [main] [132] [INFO ] Bootstrapping Spring Data JPA repositories in DEFAULT mode.
[2022-10-25T07:57:46.046Z] [org.springframework.data.repository.config.RepositoryConfigurationDelegate] [main] [201] [INFO ] Finished Spring Data repository scanning in 9 ms. Found 0 JPA repository interfaces.
[2022-10-25T07:57:47.047Z] [org.springframework.boot.web.embedded.tomcat.TomcatWebServer] [main] [108] [INFO ] Tomcat initialized with port(s): 8080 (http)
[2022-10-25T07:57:47.047Z] [org.apache.juli.logging.DirectJDKLog] [main] [173] [INFO ] Initializing ProtocolHandler ["http-nio-8080"]
[2022-10-25T07:57:47.047Z] [org.apache.juli.logging.DirectJDKLog] [main] [173] [INFO ] Starting service [Tomcat]
[2022-10-25T07:57:47.047Z] [org.apache.juli.logging.DirectJDKLog] [main] [173] [INFO ] Starting Servlet engine: [Apache Tomcat/9.0.68]
[2022-10-25T07:57:47.047Z] [org.apache.juli.logging.DirectJDKLog] [main] [173] [INFO ] Initializing Spring embedded WebApplicationContext
[2022-10-25T07:57:47.047Z] [org.springframework.boot.web.servlet.context.ServletWebServerApplicationContext] [main] [292] [INFO ] Root WebApplicationContext: initialization completed in 1992 ms
[2022-10-25T07:57:47.047Z] [com.zaxxer.hikari.HikariDataSource] [main] [110] [INFO ] HikariPool-1 - Starting...
[2022-10-25T07:57:47.047Z] [com.zaxxer.hikari.HikariDataSource] [main] [123] [INFO ] HikariPool-1 - Start completed.
[2022-10-25T07:57:47.047Z] [org.springframework.boot.autoconfigure.h2.H2ConsoleAutoConfiguration] [main] [98] [INFO ] H2 console available at '/h2-console'. Database available at 'jdbc:h2:mem:testdb'
[2022-10-25T07:57:47.047Z] [org.hibernate.jpa.internal.util.LogHelper] [main] [31] [INFO ] HHH000204: Processing PersistenceUnitInfo [name: default]
[2022-10-25T07:57:47.047Z] [org.hibernate.Version] [main] [44] [INFO ] HHH000412: Hibernate ORM core version 5.6.12.Final
[2022-10-25T07:57:48.048Z] [org.hibernate.annotations.common.reflection.java.JavaReflectionManager] [main] [56] [INFO ] HCANN000001: Hibernate Commons Annotations {5.1.2.Final}
[2022-10-25T07:57:48.048Z] [org.hibernate.dialect.Dialect] [main] [175] [INFO ] HHH000400: Using dialect: org.hibernate.dialect.H2Dialect
[2022-10-25T07:57:48.048Z] [org.hibernate.engine.transaction.jta.platform.internal.JtaPlatformInitiator] [main] [52] [INFO ] HHH000490: Using JtaPlatform implementation: [org.hibernate.engine.transaction.jta.platform.internal.NoJtaPlatform]
[2022-10-25T07:57:48.048Z] [org.springframework.orm.jpa.AbstractEntityManagerFactoryBean] [main] [437] [INFO ] Initialized JPA EntityManagerFactory for persistence unit 'default'
[2022-10-25T07:57:48.048Z] [br.com.videos.flixchannel.config.TestConfig] [main] [19] [INFO ] O Banco de dados foi populado com sucesso!
[2022-10-25T07:57:48.048Z] [org.springframework.boot.autoconfigure.orm.jpa.JpaBaseConfiguration$JpaWebConfiguration] [main] [219] [WARN ] spring.jpa.open-in-view is enabled by default. Therefore, database queries may be performed during view rendering. Explicitly configure spring.jpa.open-in-view to disable this warning
[2022-10-25T07:57:48.048Z] [org.apache.juli.logging.DirectJDKLog] [main] [173] [INFO ] Starting ProtocolHandler ["http-nio-8080"]
[2022-10-25T07:57:49.049Z] [org.springframework.boot.web.embedded.tomcat.TomcatWebServer] [main] [220] [INFO ] Tomcat started on port(s): 8080 (http) with context path ''
[2022-10-25T07:57:49.049Z] [org.springframework.boot.StartupInfoLogger] [main] [61] [INFO ] Started FlixchannelApplication in 4.25 seconds (JVM running for 4.969)
[2022-10-25T07:58:28.028Z] [org.springframework.orm.jpa.AbstractEntityManagerFactoryBean] [SpringApplicationShutdownHook] [651] [INFO ] Closing JPA EntityManagerFactory for persistence unit 'default'
[2022-10-25T07:58:28.028Z] [org.hibernate.tool.schema.internal.SchemaDropperImpl$DelayedDropActionImpl] [SpringApplicationShutdownHook] [538] [INFO ] HHH000477: Starting delayed evictData of schema as part of SessionFactory shut-down'
[2022-10-25T07:58:28.028Z] [com.zaxxer.hikari.HikariDataSource] [SpringApplicationShutdownHook] [350] [INFO ] HikariPool-1 - Shutdown initiated...
[2022-10-25T07:58:28.028Z] [com.zaxxer.hikari.HikariDataSource] [SpringApplicationShutdownHook] [352] [INFO ] HikariPool-1 - Shutdown completed.
[2022-10-25T07:58:31.031Z] [org.hibernate.validator.internal.util.Version] [background-preinit] [21] [INFO ] HV000001: Hibernate Validator 6.2.5.Final
[2022-10-25T07:58:31.031Z] [org.springframework.boot.StartupInfoLogger] [main] [55] [INFO ] Starting FlixchannelApplication using Java 17.0.1 on DINIZ with PID 52088 (C:\Users\danie\Documents\Daniel_Diniz\java\Alura\Challenges-Backend\videos\flixchannel (1)\flixchannel\target\classes started by danie in C:\Users\danie\Documents\Daniel_Diniz\java\Alura\Challenges-Backend\videos\flixchannel (1)\flixchannel)
[2022-10-25T07:58:31.031Z] [org.springframework.boot.SpringApplication] [main] [640] [INFO ] The following 1 profile is active: "test"
[2022-10-25T07:58:32.032Z] [org.springframework.data.repository.config.RepositoryConfigurationDelegate] [main] [132] [INFO ] Bootstrapping Spring Data JPA repositories in DEFAULT mode.
[2022-10-25T07:58:32.032Z] [org.springframework.data.repository.config.RepositoryConfigurationDelegate] [main] [201] [INFO ] Finished Spring Data repository scanning in 13 ms. Found 0 JPA repository interfaces.
[2022-10-25T07:58:33.033Z] [org.springframework.boot.web.embedded.tomcat.TomcatWebServer] [main] [108] [INFO ] Tomcat initialized with port(s): 8080 (http)
[2022-10-25T07:58:33.033Z] [org.apache.juli.logging.DirectJDKLog] [main] [173] [INFO ] Initializing ProtocolHandler ["http-nio-8080"]
[2022-10-25T07:58:33.033Z] [org.apache.juli.logging.DirectJDKLog] [main] [173] [INFO ] Starting service [Tomcat]
[2022-10-25T07:58:33.033Z] [org.apache.juli.logging.DirectJDKLog] [main] [173] [INFO ] Starting Servlet engine: [Apache Tomcat/9.0.68]
[2022-10-25T07:58:33.033Z] [org.apache.juli.logging.DirectJDKLog] [main] [173] [INFO ] Initializing Spring embedded WebApplicationContext
[2022-10-25T07:58:33.033Z] [org.springframework.boot.web.servlet.context.ServletWebServerApplicationContext] [main] [292] [INFO ] Root WebApplicationContext: initialization completed in 2251 ms
[2022-10-25T07:58:33.033Z] [com.zaxxer.hikari.HikariDataSource] [main] [110] [INFO ] HikariPool-1 - Starting...
[2022-10-25T07:58:33.033Z] [com.zaxxer.hikari.HikariDataSource] [main] [123] [INFO ] HikariPool-1 - Start completed.
[2022-10-25T07:58:33.033Z] [org.springframework.boot.autoconfigure.h2.H2ConsoleAutoConfiguration] [main] [98] [INFO ] H2 console available at '/h2-console'. Database available at 'jdbc:h2:mem:testdb'
[2022-10-25T07:58:34.034Z] [org.hibernate.jpa.internal.util.LogHelper] [main] [31] [INFO ] HHH000204: Processing PersistenceUnitInfo [name: default]
[2022-10-25T07:58:34.034Z] [org.hibernate.Version] [main] [44] [INFO ] HHH000412: Hibernate ORM core version 5.6.12.Final
[2022-10-25T07:58:34.034Z] [org.hibernate.annotations.common.reflection.java.JavaReflectionManager] [main] [56] [INFO ] HCANN000001: Hibernate Commons Annotations {5.1.2.Final}
[2022-10-25T07:58:34.034Z] [org.hibernate.dialect.Dialect] [main] [175] [INFO ] HHH000400: Using dialect: org.hibernate.dialect.H2Dialect
[2022-10-25T07:58:34.034Z] [org.hibernate.engine.transaction.jta.platform.internal.JtaPlatformInitiator] [main] [52] [INFO ] HHH000490: Using JtaPlatform implementation: [org.hibernate.engine.transaction.jta.platform.internal.NoJtaPlatform]
[2022-10-25T07:58:34.034Z] [org.springframework.orm.jpa.AbstractEntityManagerFactoryBean] [main] [437] [INFO ] Initialized JPA EntityManagerFactory for persistence unit 'default'
[2022-10-25T07:58:34.034Z] [br.com.videos.flixchannel.config.TestConfig] [main] [19] [INFO ] O Banco de dados foi populado com sucesso!
[2022-10-25T07:58:34.034Z] [org.springframework.boot.autoconfigure.orm.jpa.JpaBaseConfiguration$JpaWebConfiguration] [main] [219] [WARN ] spring.jpa.open-in-view is enabled by default. Therefore, database queries may be performed during view rendering. Explicitly configure spring.jpa.open-in-view to disable this warning
[2022-10-25T07:58:35.035Z] [org.apache.juli.logging.DirectJDKLog] [main] [173] [INFO ] Starting ProtocolHandler ["http-nio-8080"]
